<?xml version="1.0" encoding="UTF-8" ?>
<testsuite failures="0" time="1.486" errors="1" skipped="0" tests="2" name="edu.uchicago.RucioN2NTest">
  <properties>
    <property name="java.runtime.name" value="Java(TM) SE Runtime Environment"/>
    <property name="sun.boot.library.path" value="/Library/Java/JavaVirtualMachines/jdk1.7.0_09.jdk/Contents/Home/jre/lib"/>
    <property name="java.vm.version" value="23.5-b02"/>
    <property name="gopherProxySet" value="false"/>
    <property name="java.vm.vendor" value="Oracle Corporation"/>
    <property name="java.vendor.url" value="http://java.oracle.com/"/>
    <property name="path.separator" value=":"/>
    <property name="java.vm.name" value="Java HotSpot(TM) 64-Bit Server VM"/>
    <property name="file.encoding.pkg" value="sun.io"/>
    <property name="user.country" value="US"/>
    <property name="sun.java.launcher" value="SUN_STANDARD"/>
    <property name="sun.os.patch.level" value="unknown"/>
    <property name="java.vm.specification.name" value="Java Virtual Machine Specification"/>
    <property name="user.dir" value="/Users/ivukotic/work/workspace/plugins/atlas-ns-mapping"/>
    <property name="java.runtime.version" value="1.7.0_09-b05"/>
    <property name="java.awt.graphicsenv" value="sun.awt.CGraphicsEnvironment"/>
    <property name="basedir" value="/Users/ivukotic/work/workspace/plugins/atlas-ns-mapping"/>
    <property name="java.endorsed.dirs" value="/Library/Java/JavaVirtualMachines/jdk1.7.0_09.jdk/Contents/Home/jre/lib/endorsed"/>
    <property name="os.arch" value="x86_64"/>
    <property name="surefire.real.class.path" value="/Users/ivukotic/work/workspace/plugins/atlas-ns-mapping/target/surefire/surefirebooter2272242233186993673.jar"/>
    <property name="java.io.tmpdir" value="/var/folders/cp/yvx0qm0517b97rv01wdcz_780000gn/T/"/>
    <property name="line.separator" value="
"/>
    <property name="java.vm.specification.vendor" value="Oracle Corporation"/>
    <property name="os.name" value="Mac OS X"/>
    <property name="sun.jnu.encoding" value="UTF-8"/>
    <property name="java.library.path" value="/usr/local/cuda/lib:/Users/ivukotic/MyLibs:/usr/local/qwt-6.0.0-rc5/lib/qwt.framework:/Users/ivukotic/ROOT/lib:/System/Library/Frameworks/Python.framework/Versions/Current//lib::/Users/ivukotic/Library/Java/Extensions:/Library/Java/Extensions:/Network/Library/Java/Extensions:/System/Library/Java/Extensions:/usr/lib/java:."/>
    <property name="surefire.test.class.path" value="/Users/ivukotic/work/workspace/plugins/atlas-ns-mapping/target/test-classes:/Users/ivukotic/work/workspace/plugins/atlas-ns-mapping/target/classes:/Users/ivukotic/.m2/repository/junit/junit/4.3.1/junit-4.3.1.jar:/Users/ivukotic/.m2/repository/org/dcache/xrootd4j/1.2-SNAPSHOT/xrootd4j-1.2-SNAPSHOT.jar:/Users/ivukotic/.m2/repository/org/dcache/cog-jglobus/1.8.0-1/cog-jglobus-1.8.0-1.jar:/Users/ivukotic/.m2/repository/com/claymore/puretls/0.9b5/puretls-0.9b5.jar:/Users/ivukotic/.m2/repository/org/dcache/cryptix/3.2.0/cryptix-3.2.0.jar:/Users/ivukotic/.m2/repository/org/dcache/cryptix-asn1/0.1.11/cryptix-asn1-0.1.11.jar:/Users/ivukotic/.m2/repository/org/dcache/cryptix-rnd/3.2.0/cryptix-rnd-3.2.0.jar:/Users/ivukotic/.m2/repository/org/bouncycastle/bcprov-jdk16/1.43/bcprov-jdk16-1.43.jar:/Users/ivukotic/.m2/repository/commons-logging/commons-logging-api/1.1/commons-logging-api-1.1.jar:/Users/ivukotic/.m2/repository/nl/uva/vlet/glite/lfc/vlet-glite.lfc/1.0.1/vlet-glite.lfc-1.0.1.jar:/Users/ivukotic/.m2/repository/org/json/json/20090211/json-20090211.jar:/Users/ivukotic/.m2/repository/log4j/log4j/1.2.14/log4j-1.2.14.jar:"/>
    <property name="java.specification.name" value="Java Platform API Specification"/>
    <property name="java.class.version" value="51.0"/>
    <property name="sun.management.compiler" value="HotSpot 64-Bit Tiered Compilers"/>
    <property name="os.version" value="10.8.3"/>
    <property name="http.nonProxyHosts" value="local|*.local|169.254/16|*.169.254/16"/>
    <property name="user.home" value="/Users/ivukotic"/>
    <property name="user.timezone" value=""/>
    <property name="java.awt.printerjob" value="sun.lwawt.macosx.CPrinterJob"/>
    <property name="java.specification.version" value="1.7"/>
    <property name="file.encoding" value="UTF-8"/>
    <property name="user.name" value="ivukotic"/>
    <property name="java.class.path" value="/Users/ivukotic/work/workspace/plugins/atlas-ns-mapping/target/test-classes:/Users/ivukotic/work/workspace/plugins/atlas-ns-mapping/target/classes:/Users/ivukotic/.m2/repository/junit/junit/4.3.1/junit-4.3.1.jar:/Users/ivukotic/.m2/repository/org/dcache/xrootd4j/1.2-SNAPSHOT/xrootd4j-1.2-SNAPSHOT.jar:/Users/ivukotic/.m2/repository/org/dcache/cog-jglobus/1.8.0-1/cog-jglobus-1.8.0-1.jar:/Users/ivukotic/.m2/repository/com/claymore/puretls/0.9b5/puretls-0.9b5.jar:/Users/ivukotic/.m2/repository/org/dcache/cryptix/3.2.0/cryptix-3.2.0.jar:/Users/ivukotic/.m2/repository/org/dcache/cryptix-asn1/0.1.11/cryptix-asn1-0.1.11.jar:/Users/ivukotic/.m2/repository/org/dcache/cryptix-rnd/3.2.0/cryptix-rnd-3.2.0.jar:/Users/ivukotic/.m2/repository/org/bouncycastle/bcprov-jdk16/1.43/bcprov-jdk16-1.43.jar:/Users/ivukotic/.m2/repository/commons-logging/commons-logging-api/1.1/commons-logging-api-1.1.jar:/Users/ivukotic/.m2/repository/nl/uva/vlet/glite/lfc/vlet-glite.lfc/1.0.1/vlet-glite.lfc-1.0.1.jar:/Users/ivukotic/.m2/repository/org/json/json/20090211/json-20090211.jar:/Users/ivukotic/.m2/repository/log4j/log4j/1.2.14/log4j-1.2.14.jar:"/>
    <property name="java.vm.specification.version" value="1.7"/>
    <property name="sun.arch.data.model" value="64"/>
    <property name="java.home" value="/Library/Java/JavaVirtualMachines/jdk1.7.0_09.jdk/Contents/Home/jre"/>
    <property name="sun.java.command" value="/Users/ivukotic/work/workspace/plugins/atlas-ns-mapping/target/surefire/surefirebooter2272242233186993673.jar /Users/ivukotic/work/workspace/plugins/atlas-ns-mapping/target/surefire/surefire6970497392814394408tmp /Users/ivukotic/work/workspace/plugins/atlas-ns-mapping/target/surefire/surefire1321298528425660628tmp"/>
    <property name="java.specification.vendor" value="Oracle Corporation"/>
    <property name="user.language" value="en"/>
    <property name="awt.toolkit" value="sun.lwawt.macosx.LWCToolkit"/>
    <property name="java.vm.info" value="mixed mode"/>
    <property name="java.version" value="1.7.0_09"/>
    <property name="java.ext.dirs" value="/Users/ivukotic/Library/Java/Extensions:/Library/Java/JavaVirtualMachines/jdk1.7.0_09.jdk/Contents/Home/jre/lib/ext:/Library/Java/Extensions:/Network/Library/Java/Extensions:/System/Library/Java/Extensions:/usr/lib/java"/>
    <property name="sun.boot.class.path" value="/Library/Java/JavaVirtualMachines/jdk1.7.0_09.jdk/Contents/Home/jre/lib/resources.jar:/Library/Java/JavaVirtualMachines/jdk1.7.0_09.jdk/Contents/Home/jre/lib/rt.jar:/Library/Java/JavaVirtualMachines/jdk1.7.0_09.jdk/Contents/Home/jre/lib/sunrsasign.jar:/Library/Java/JavaVirtualMachines/jdk1.7.0_09.jdk/Contents/Home/jre/lib/jsse.jar:/Library/Java/JavaVirtualMachines/jdk1.7.0_09.jdk/Contents/Home/jre/lib/jce.jar:/Library/Java/JavaVirtualMachines/jdk1.7.0_09.jdk/Contents/Home/jre/lib/charsets.jar:/Library/Java/JavaVirtualMachines/jdk1.7.0_09.jdk/Contents/Home/jre/lib/jfr.jar:/Library/Java/JavaVirtualMachines/jdk1.7.0_09.jdk/Contents/Home/jre/lib/JObjC.jar:/Library/Java/JavaVirtualMachines/jdk1.7.0_09.jdk/Contents/Home/jre/classes"/>
    <property name="java.vendor" value="Oracle Corporation"/>
    <property name="localRepository" value="/Users/ivukotic/.m2/repository"/>
    <property name="file.separator" value="/"/>
    <property name="java.vendor.url.bug" value="http://bugreport.sun.com/bugreport/"/>
    <property name="sun.cpu.endian" value="little"/>
    <property name="sun.io.unicode.encoding" value="UnicodeBig"/>
    <property name="socksNonProxyHosts" value="local|*.local|169.254/16|*.169.254/16"/>
    <property name="ftp.nonProxyHosts" value="local|*.local|169.254/16|*.169.254/16"/>
    <property name="sun.cpu.isalist" value=""/>
  </properties>
  <testcase time="1.41" classname="edu.uchicago.RucioN2NTest" name="testRucioInitialization"/>
  <testcase time="0.003" classname="edu.uchicago.RucioN2NTest" name="testTranslation">
    <error type="java.lang.NullPointerException">java.lang.NullPointerException
	at edu.uchicago.RucioN2NTest.testTranslation(RucioN2NTest.java:45)
	at sun.reflect.NativeMethodAccessorImpl.invoke0(Native Method)
	at sun.reflect.NativeMethodAccessorImpl.invoke(NativeMethodAccessorImpl.java:57)
	at sun.reflect.DelegatingMethodAccessorImpl.invoke(DelegatingMethodAccessorImpl.java:43)
	at java.lang.reflect.Method.invoke(Method.java:601)
	at junit.framework.TestCase.runTest(TestCase.java:168)
	at junit.framework.TestCase.runBare(TestCase.java:134)
	at junit.framework.TestResult$1.protect(TestResult.java:110)
	at junit.framework.TestResult.runProtected(TestResult.java:128)
	at junit.framework.TestResult.run(TestResult.java:113)
	at junit.framework.TestCase.run(TestCase.java:124)
	at junit.framework.TestSuite.runTest(TestSuite.java:232)
	at junit.framework.TestSuite.run(TestSuite.java:227)
	at org.junit.internal.runners.OldTestClassRunner.run(OldTestClassRunner.java:76)
	at org.apache.maven.surefire.junit4.JUnit4TestSet.execute(JUnit4TestSet.java:35)
	at org.apache.maven.surefire.junit4.JUnit4Provider.executeTestSet(JUnit4Provider.java:115)
	at org.apache.maven.surefire.junit4.JUnit4Provider.invoke(JUnit4Provider.java:97)
	at sun.reflect.NativeMethodAccessorImpl.invoke0(Native Method)
	at sun.reflect.NativeMethodAccessorImpl.invoke(NativeMethodAccessorImpl.java:57)
	at sun.reflect.DelegatingMethodAccessorImpl.invoke(DelegatingMethodAccessorImpl.java:43)
	at java.lang.reflect.Method.invoke(Method.java:601)
	at org.apache.maven.surefire.booter.ProviderFactory$ClassLoaderProxy.invoke(ProviderFactory.java:103)
	at $Proxy0.invoke(Unknown Source)
	at org.apache.maven.surefire.booter.SurefireStarter.invokeProvider(SurefireStarter.java:150)
	at org.apache.maven.surefire.booter.SurefireStarter.runSuitesInProcess(SurefireStarter.java:91)
	at org.apache.maven.surefire.booter.ForkedBooter.main(ForkedBooter.java:69)
</error>
    <system-out> INFO [main] (RucioN2NTest.java:43) - test translation...
</system-out>
  </testcase>
</testsuite>